<?xml version="1.0" encoding="UTF-8"?>
<!-- Generated by org.testng.reporters.JUnitXMLReporter -->
<testsuite ignored="0" hostname="DESKTOP-IK4411D" failures="0" tests="4" name="Test" time="21.134" errors="0" timestamp="03 Dec 2022 13:11:08 GMT">
  <testcase classname="tset.TestNgPractise1" name="adactinLogin" time="1.979"/>
  <testcase classname="tset.TestNgPractise1" name="adactinSearchHotel" time="2.321"/>
  <testcase classname="tset.TestNgPractise1" name="adactinSelectHotel" time="1.278"/>
  <testcase classname="tset.TestNgPractise1" name="adactinBookAHotel" time="0.859"/>
</testsuite> <!-- Test -->
